[16:42:12] [Client thread/ERROR]: Can't find the resource index file: assets\indexes\1.8.json
[16:42:12] [Client thread/INFO]: Setting user: Player728
[16:42:13] [Client thread/WARN]: Skipping bad option: lastServer:
[16:42:13] [Client thread/INFO]: LWJGL Version: 2.9.4
[16:42:14] [Client thread/INFO]: Reloading ResourceManager: Default
[16:42:14] [Client thread/WARN]: Missing sound for event: minecraft:ambient.cave
[16:42:14] [Client thread/WARN]: Missing sound for event: minecraft:block.anvil.break
[16:42:14] [Client thread/WARN]: Missing sound for event: minecraft:block.anvil.destroy
[16:42:14] [Client thread/WARN]: Missing sound for event: minecraft:block.anvil.fall
[16:42:14] [Client thread/WARN]: Missing sound for event: minecraft:block.anvil.hit
[16:42:14] [Client thread/WARN]: Missing sound for event: minecraft:block.anvil.land
[16:42:14] [Client thread/WARN]: Missing sound for event: minecraft:block.anvil.place
[16:42:14] [Client thread/WARN]: Missing sound for event: minecraft:block.anvil.step
[16:42:14] [Client thread/WARN]: Missing sound for event: minecraft:block.anvil.use
[16:42:14] [Client thread/WARN]: Missing sound for event: minecraft:block.brewing_stand.brew
[16:42:14] [Client thread/WARN]: Missing sound for event: minecraft:block.chest.close
[16:42:14] [Client thread/WARN]: Missing sound for event: minecraft:block.chest.locked
[16:42:14] [Client thread/WARN]: Missing sound for event: minecraft:block.chest.open
[16:42:14] [Client thread/WARN]: Missing sound for event: minecraft:block.chorus_flower.death
[16:42:14] [Client thread/WARN]: Missing sound for event: minecraft:block.chorus_flower.grow
[16:42:14] [Client thread/WARN]: Missing sound for event: minecraft:block.cloth.break
[16:42:14] [Client thread/WARN]: Missing sound for event: minecraft:block.cloth.fall
[16:42:14] [Client thread/WARN]: Missing sound for event: minecraft:block.cloth.hit
[16:42:14] [Client thread/WARN]: Missing sound for event: minecraft:block.cloth.place
[16:42:14] [Client thread/WARN]: Missing sound for event: minecraft:block.cloth.step
[16:42:14] [Client thread/WARN]: Missing sound for event: minecraft:block.comparator.click
[16:42:14] [Client thread/WARN]: Missing sound for event: minecraft:block.dispenser.dispense
[16:42:14] [Client thread/WARN]: Missing sound for event: minecraft:block.dispenser.fail
[16:42:14] [Client thread/WARN]: Missing sound for event: minecraft:block.dispenser.launch
[16:42:14] [Client thread/WARN]: Missing sound for event: minecraft:block.enchantment_table.use
[16:42:14] [Client thread/WARN]: Missing sound for event: minecraft:block.end_gateway.spawn
[16:42:14] [Client thread/WARN]: Missing sound for event: minecraft:block.enderchest.close
[16:42:14] [Client thread/WARN]: Missing sound for event: minecraft:block.enderchest.open
[16:42:14] [Client thread/WARN]: Missing sound for event: minecraft:block.fence_gate.close
[16:42:14] [Client thread/WARN]: Missing sound for event: minecraft:block.fence_gate.open
[16:42:14] [Client thread/WARN]: Missing sound for event: minecraft:block.fire.ambient
[16:42:14] [Client thread/WARN]: Missing sound for event: minecraft:block.fire.extinguish
[16:42:14] [Client thread/WARN]: Missing sound for event: minecraft:block.furnace.fire_crackle
[16:42:14] [Client thread/WARN]: Missing sound for event: minecraft:block.glass.break
[16:42:14] [Client thread/WARN]: Missing sound for event: minecraft:block.glass.fall
[16:42:14] [Client thread/WARN]: Missing sound for event: minecraft:block.glass.hit
[16:42:14] [Client thread/WARN]: Missing sound for event: minecraft:block.glass.place
[16:42:14] [Client thread/WARN]: Missing sound for event: minecraft:block.glass.step
[16:42:14] [Client thread/WARN]: Missing sound for event: minecraft:block.grass.break
[16:42:14] [Client thread/WARN]: Missing sound for event: minecraft:block.grass.fall
[16:42:14] [Client thread/WARN]: Missing sound for event: minecraft:block.grass.hit
[16:42:14] [Client thread/WARN]: Missing sound for event: minecraft:block.grass.place
[16:42:14] [Client thread/WARN]: Missing sound for event: minecraft:block.grass.step
[16:42:14] [Client thread/WARN]: Missing sound for event: minecraft:block.gravel.break
[16:42:14] [Client thread/WARN]: Missing sound for event: minecraft:block.gravel.fall
[16:42:14] [Client thread/WARN]: Missing sound for event: minecraft:block.gravel.hit
[16:42:14] [Client thread/WARN]: Missing sound for event: minecraft:block.gravel.place
[16:42:14] [Client thread/WARN]: Missing sound for event: minecraft:block.gravel.step
[16:42:14] [Client thread/WARN]: Missing sound for event: minecraft:block.iron_door.close
[16:42:14] [Client thread/WARN]: Missing sound for event: minecraft:block.iron_door.open
[16:42:14] [Client thread/WARN]: Missing sound for event: minecraft:block.iron_trapdoor.close
[16:42:14] [Client thread/WARN]: Missing sound for event: minecraft:block.iron_trapdoor.open
[16:42:14] [Client thread/WARN]: Missing sound for event: minecraft:block.ladder.break
[16:42:14] [Client thread/WARN]: Missing sound for event: minecraft:block.ladder.fall
[16:42:14] [Client thread/WARN]: Missing sound for event: minecraft:block.ladder.hit
[16:42:14] [Client thread/WARN]: Missing sound for event: minecraft:block.ladder.place
[16:42:14] [Client thread/WARN]: Missing sound for event: minecraft:block.ladder.step
[16:42:14] [Client thread/WARN]: Missing sound for event: minecraft:block.lava.ambient
[16:42:14] [Client thread/WARN]: Missing sound for event: minecraft:block.lava.extinguish
[16:42:14] [Client thread/WARN]: Missing sound for event: minecraft:block.lava.pop
[16:42:14] [Client thread/WARN]: Missing sound for event: minecraft:block.lever.click
[16:42:14] [Client thread/WARN]: Missing sound for event: minecraft:block.metal.break
[16:42:14] [Client thread/WARN]: Missing sound for event: minecraft:block.metal.fall
[16:42:14] [Client thread/WARN]: Missing sound for event: minecraft:block.metal.hit
[16:42:14] [Client thread/WARN]: Missing sound for event: minecraft:block.metal.place
[16:42:14] [Client thread/WARN]: Missing sound for event: minecraft:block.metal.step
[16:42:14] [Client thread/WARN]: Missing sound for event: minecraft:block.metal_pressureplate.click_off
[16:42:14] [Client thread/WARN]: Missing sound for event: minecraft:block.metal_pressureplate.click_on
[16:42:14] [Client thread/WARN]: Missing sound for event: minecraft:block.note.basedrum
[16:42:14] [Client thread/WARN]: Missing sound for event: minecraft:block.note.bass
[16:42:14] [Client thread/WARN]: Missing sound for event: minecraft:block.note.harp
[16:42:14] [Client thread/WARN]: Missing sound for event: minecraft:block.note.hat
[16:42:14] [Client thread/WARN]: Missing sound for event: minecraft:block.note.pling
[16:42:14] [Client thread/WARN]: Missing sound for event: minecraft:block.note.snare
[16:42:14] [Client thread/WARN]: Missing sound for event: minecraft:block.piston.contract
[16:42:14] [Client thread/WARN]: Missing sound for event: minecraft:block.piston.extend
[16:42:14] [Client thread/WARN]: Missing sound for event: minecraft:block.portal.ambient
[16:42:14] [Client thread/WARN]: Missing sound for event: minecraft:block.portal.travel
[16:42:14] [Client thread/WARN]: Missing sound for event: minecraft:block.portal.trigger
[16:42:14] [Client thread/WARN]: Missing sound for event: minecraft:block.redstone_torch.burnout
[16:42:14] [Client thread/WARN]: Missing sound for event: minecraft:block.sand.break
[16:42:14] [Client thread/WARN]: Missing sound for event: minecraft:block.sand.fall
[16:42:14] [Client thread/WARN]: Missing sound for event: minecraft:block.sand.hit
[16:42:14] [Client thread/WARN]: Missing sound for event: minecraft:block.sand.place
[16:42:14] [Client thread/WARN]: Missing sound for event: minecraft:block.sand.step
[16:42:14] [Client thread/WARN]: Missing sound for event: minecraft:block.slime.break
[16:42:14] [Client thread/WARN]: Missing sound for event: minecraft:block.slime.fall
[16:42:14] [Client thread/WARN]: Missing sound for event: minecraft:block.slime.hit
[16:42:14] [Client thread/WARN]: Missing sound for event: minecraft:block.slime.place
[16:42:14] [Client thread/WARN]: Missing sound for event: minecraft:block.slime.step
[16:42:14] [Client thread/WARN]: Missing sound for event: minecraft:block.snow.break
[16:42:14] [Client thread/WARN]: Missing sound for event: minecraft:block.snow.fall
[16:42:14] [Client thread/WARN]: Missing sound for event: minecraft:block.snow.hit
[16:42:14] [Client thread/WARN]: Missing sound for event: minecraft:block.snow.place
[16:42:14] [Client thread/WARN]: Missing sound for event: minecraft:block.snow.step
[16:42:14] [Client thread/WARN]: Missing sound for event: minecraft:block.stone.break
[16:42:14] [Client thread/WARN]: Missing sound for event: minecraft:block.stone.fall
[16:42:14] [Client thread/WARN]: Missing sound for event: minecraft:block.stone.hit
[16:42:14] [Client thread/WARN]: Missing sound for event: minecraft:block.stone.place
[16:42:14] [Client thread/WARN]: Missing sound for event: minecraft:block.stone.step
[16:42:14] [Client thread/WARN]: Missing sound for event: minecraft:block.stone_button.click_off
[16:42:14] [Client thread/WARN]: Missing sound for event: minecraft:block.stone_button.click_on
[16:42:14] [Client thread/WARN]: Missing sound for event: minecraft:block.stone_pressureplate.click_off
[16:42:14] [Client thread/WARN]: Missing sound for event: minecraft:block.stone_pressureplate.click_on
[16:42:14] [Client thread/WARN]: Missing sound for event: minecraft:block.tripwire.attach
[16:42:14] [Client thread/WARN]: Missing sound for event: minecraft:block.tripwire.click_off
[16:42:14] [Client thread/WARN]: Missing sound for event: minecraft:block.tripwire.click_on
[16:42:14] [Client thread/WARN]: Missing sound for event: minecraft:block.tripwire.detach
[16:42:14] [Client thread/WARN]: Missing sound for event: minecraft:block.water.ambient
[16:42:14] [Client thread/WARN]: Missing sound for event: minecraft:block.waterlily.place
[16:42:14] [Client thread/WARN]: Missing sound for event: minecraft:block.wood.break
[16:42:14] [Client thread/WARN]: Missing sound for event: minecraft:block.wood.fall
[16:42:14] [Client thread/WARN]: Missing sound for event: minecraft:block.wood.hit
[16:42:14] [Client thread/WARN]: Missing sound for event: minecraft:block.wood.place
[16:42:14] [Client thread/WARN]: Missing sound for event: minecraft:block.wood.step
[16:42:14] [Client thread/WARN]: Missing sound for event: minecraft:block.wood_button.click_off
[16:42:14] [Client thread/WARN]: Missing sound for event: minecraft:block.wood_button.click_on
[16:42:14] [Client thread/WARN]: Missing sound for event: minecraft:block.wood_pressureplate.click_off
[16:42:14] [Client thread/WARN]: Missing sound for event: minecraft:block.wood_pressureplate.click_on
[16:42:14] [Client thread/WARN]: Missing sound for event: minecraft:block.wooden_door.close
[16:42:14] [Client thread/WARN]: Missing sound for event: minecraft:block.wooden_door.open
[16:42:14] [Client thread/WARN]: Missing sound for event: minecraft:block.wooden_trapdoor.close
[16:42:14] [Client thread/WARN]: Missing sound for event: minecraft:block.wooden_trapdoor.open
[16:42:14] [Client thread/WARN]: Missing sound for event: minecraft:enchant.thorns.hit
[16:42:14] [Client thread/WARN]: Missing sound for event: minecraft:entity.armorstand.break
[16:42:14] [Client thread/WARN]: Missing sound for event: minecraft:entity.armorstand.fall
[16:42:14] [Client thread/WARN]: Missing sound for event: minecraft:entity.armorstand.hit
[16:42:14] [Client thread/WARN]: Missing sound for event: minecraft:entity.armorstand.place
[16:42:14] [Client thread/WARN]: Missing sound for event: minecraft:entity.arrow.hit
[16:42:14] [Client thread/WARN]: Missing sound for event: minecraft:entity.arrow.hit_player
[16:42:14] [Client thread/WARN]: Missing sound for event: minecraft:entity.arrow.shoot
[16:42:14] [Client thread/WARN]: Missing sound for event: minecraft:entity.bat.ambient
[16:42:14] [Client thread/WARN]: Missing sound for event: minecraft:entity.bat.death
[16:42:14] [Client thread/WARN]: Missing sound for event: minecraft:entity.bat.hurt
[16:42:14] [Client thread/WARN]: Missing sound for event: minecraft:entity.bat.loop
[16:42:14] [Client thread/WARN]: Missing sound for event: minecraft:entity.bat.takeoff
[16:42:14] [Client thread/WARN]: Missing sound for event: minecraft:entity.blaze.ambient
[16:42:14] [Client thread/WARN]: Missing sound for event: minecraft:entity.blaze.burn
[16:42:14] [Client thread/WARN]: Missing sound for event: minecraft:entity.blaze.death
[16:42:14] [Client thread/WARN]: Missing sound for event: minecraft:entity.blaze.hurt
[16:42:14] [Client thread/WARN]: Missing sound for event: minecraft:entity.blaze.shoot
[16:42:14] [Client thread/WARN]: Missing sound for event: minecraft:entity.bobber.splash
[16:42:14] [Client thread/WARN]: Missing sound for event: minecraft:entity.bobber.throw
[16:42:14] [Client thread/WARN]: Missing sound for event: minecraft:entity.cat.ambient
[16:42:14] [Client thread/WARN]: Missing sound for event: minecraft:entity.cat.death
[16:42:14] [Client thread/WARN]: Missing sound for event: minecraft:entity.cat.hiss
[16:42:14] [Client thread/WARN]: Missing sound for event: minecraft:entity.cat.hurt
[16:42:14] [Client thread/WARN]: Missing sound for event: minecraft:entity.cat.purr
[16:42:14] [Client thread/WARN]: Missing sound for event: minecraft:entity.cat.purreow
[16:42:14] [Client thread/WARN]: Missing sound for event: minecraft:entity.chicken.ambient
[16:42:14] [Client thread/WARN]: Missing sound for event: minecraft:entity.chicken.death
[16:42:14] [Client thread/WARN]: Missing sound for event: minecraft:entity.chicken.egg
[16:42:14] [Client thread/WARN]: Missing sound for event: minecraft:entity.chicken.hurt
[16:42:14] [Client thread/WARN]: Missing sound for event: minecraft:entity.chicken.step
[16:42:14] [Client thread/WARN]: Missing sound for event: minecraft:entity.cow.ambient
[16:42:14] [Client thread/WARN]: Missing sound for event: minecraft:entity.cow.death
[16:42:14] [Client thread/WARN]: Missing sound for event: minecraft:entity.cow.hurt
[16:42:14] [Client thread/WARN]: Missing sound for event: minecraft:entity.cow.milk
[16:42:14] [Client thread/WARN]: Missing sound for event: minecraft:entity.cow.step
[16:42:14] [Client thread/WARN]: Missing sound for event: minecraft:entity.creeper.death
[16:42:14] [Client thread/WARN]: Missing sound for event: minecraft:entity.creeper.hurt
[16:42:14] [Client thread/WARN]: Missing sound for event: minecraft:entity.creeper.primed
[16:42:14] [Client thread/WARN]: Missing sound for event: minecraft:entity.donkey.ambient
[16:42:14] [Client thread/WARN]: Missing sound for event: minecraft:entity.donkey.angry
[16:42:14] [Client thread/WARN]: Missing sound for event: minecraft:entity.donkey.chest
[16:42:14] [Client thread/WARN]: Missing sound for event: minecraft:entity.donkey.death
[16:42:14] [Client thread/WARN]: Missing sound for event: minecraft:entity.donkey.hurt
[16:42:14] [Client thread/WARN]: Missing sound for event: minecraft:entity.egg.throw
[16:42:14] [Client thread/WARN]: Missing sound for event: minecraft:entity.elder_guardian.ambient
[16:42:14] [Client thread/WARN]: Missing sound for event: minecraft:entity.elder_guardian.ambient_land
[16:42:14] [Client thread/WARN]: Missing sound for event: minecraft:entity.elder_guardian.curse
[16:42:14] [Client thread/WARN]: Missing sound for event: minecraft:entity.elder_guardian.death
[16:42:14] [Client thread/WARN]: Missing sound for event: minecraft:entity.elder_guardian.death_land
[16:42:14] [Client thread/WARN]: Missing sound for event: minecraft:entity.elder_guardian.hurt
[16:42:14] [Client thread/WARN]: Missing sound for event: minecraft:entity.elder_guardian.hurt_land
[16:42:14] [Client thread/WARN]: Missing sound for event: minecraft:entity.enderdragon.ambient
[16:42:14] [Client thread/WARN]: Missing sound for event: minecraft:entity.enderdragon.death
[16:42:14] [Client thread/WARN]: Missing sound for event: minecraft:entity.enderdragon.flap
[16:42:14] [Client thread/WARN]: Missing sound for event: minecraft:entity.enderdragon.growl
[16:42:14] [Client thread/WARN]: Missing sound for event: minecraft:entity.enderdragon.hurt
[16:42:14] [Client thread/WARN]: Missing sound for event: minecraft:entity.enderdragon.shoot
[16:42:14] [Client thread/WARN]: Missing sound for event: minecraft:entity.enderdragon_fireball.explode
[16:42:14] [Client thread/WARN]: Missing sound for event: minecraft:entity.endereye.launch
[16:42:14] [Client thread/WARN]: Missing sound for event: minecraft:entity.endermen.ambient
[16:42:14] [Client thread/WARN]: Missing sound for event: minecraft:entity.endermen.death
[16:42:14] [Client thread/WARN]: Missing sound for event: minecraft:entity.endermen.hurt
[16:42:14] [Client thread/WARN]: Missing sound for event: minecraft:entity.endermen.scream
[16:42:14] [Client thread/WARN]: Missing sound for event: minecraft:entity.endermen.stare
[16:42:14] [Client thread/WARN]: Missing sound for event: minecraft:entity.endermen.teleport
[16:42:14] [Client thread/WARN]: Missing sound for event: minecraft:entity.endermite.ambient
[16:42:14] [Client thread/WARN]: Missing sound for event: minecraft:entity.endermite.death
[16:42:14] [Client thread/WARN]: Missing sound for event: minecraft:entity.endermite.hurt
[16:42:14] [Client thread/WARN]: Missing sound for event: minecraft:entity.endermite.step
[16:42:14] [Client thread/WARN]: Missing sound for event: minecraft:entity.enderpearl.throw
[16:42:14] [Client thread/WARN]: Missing sound for event: minecraft:entity.experience_bottle.throw
[16:42:14] [Client thread/WARN]: Missing sound for event: minecraft:entity.experience_orb.pickup
[16:42:14] [Client thread/WARN]: Missing sound for event: minecraft:entity.experience_orb.touch
[16:42:14] [Client thread/WARN]: Missing sound for event: minecraft:entity.firework.blast
[16:42:14] [Client thread/WARN]: Missing sound for event: minecraft:entity.firework.blast_far
[16:42:14] [Client thread/WARN]: Missing sound for event: minecraft:entity.firework.large_blast
[16:42:14] [Client thread/WARN]: Missing sound for event: minecraft:entity.firework.large_blast_far
[16:42:14] [Client thread/WARN]: Missing sound for event: minecraft:entity.firework.launch
[16:42:14] [Client thread/WARN]: Missing sound for event: minecraft:entity.firework.shoot
[16:42:14] [Client thread/WARN]: Missing sound for event: minecraft:entity.firework.twinkle
[16:42:14] [Client thread/WARN]: Missing sound for event: minecraft:entity.firework.twinkle_far
[16:42:14] [Client thread/WARN]: Missing sound for event: minecraft:entity.generic.big_fall
[16:42:14] [Client thread/WARN]: Missing sound for event: minecraft:entity.generic.burn
[16:42:14] [Client thread/WARN]: Missing sound for event: minecraft:entity.generic.death
[16:42:14] [Client thread/WARN]: Missing sound for event: minecraft:entity.generic.drink
[16:42:14] [Client thread/WARN]: Missing sound for event: minecraft:entity.generic.eat
[16:42:14] [Client thread/WARN]: Missing sound for event: minecraft:entity.generic.explode
[16:42:14] [Client thread/WARN]: Missing sound for event: minecraft:entity.generic.extinguish_fire
[16:42:14] [Client thread/WARN]: Missing sound for event: minecraft:entity.generic.hurt
[16:42:14] [Client thread/WARN]: Missing sound for event: minecraft:entity.generic.small_fall
[16:42:14] [Client thread/WARN]: Missing sound for event: minecraft:entity.generic.splash
[16:42:14] [Client thread/WARN]: Missing sound for event: minecraft:entity.generic.swim
[16:42:14] [Client thread/WARN]: Missing sound for event: minecraft:entity.ghast.ambient
[16:42:14] [Client thread/WARN]: Missing sound for event: minecraft:entity.ghast.death
[16:42:14] [Client thread/WARN]: Missing sound for event: minecraft:entity.ghast.hurt
[16:42:14] [Client thread/WARN]: Missing sound for event: minecraft:entity.ghast.scream
[16:42:14] [Client thread/WARN]: Missing sound for event: minecraft:entity.ghast.shoot
[16:42:14] [Client thread/WARN]: Missing sound for event: minecraft:entity.ghast.warn
[16:42:14] [Client thread/WARN]: Missing sound for event: minecraft:entity.guardian.ambient
[16:42:14] [Client thread/WARN]: Missing sound for event: minecraft:entity.guardian.ambient_land
[16:42:14] [Client thread/WARN]: Missing sound for event: minecraft:entity.guardian.attack
[16:42:14] [Client thread/WARN]: Missing sound for event: minecraft:entity.guardian.death
[16:42:14] [Client thread/WARN]: Missing sound for event: minecraft:entity.guardian.death_land
[16:42:14] [Client thread/WARN]: Missing sound for event: minecraft:entity.guardian.flop
[16:42:14] [Client thread/WARN]: Missing sound for event: minecraft:entity.guardian.hurt
[16:42:14] [Client thread/WARN]: Missing sound for event: minecraft:entity.guardian.hurt_land
[16:42:14] [Client thread/WARN]: Missing sound for event: minecraft:entity.horse.ambient
[16:42:14] [Client thread/WARN]: Missing sound for event: minecraft:entity.horse.angry
[16:42:14] [Client thread/WARN]: Missing sound for event: minecraft:entity.horse.armor
[16:42:14] [Client thread/WARN]: Missing sound for event: minecraft:entity.horse.breathe
[16:42:14] [Client thread/WARN]: Missing sound for event: minecraft:entity.horse.death
[16:42:14] [Client thread/WARN]: Missing sound for event: minecraft:entity.horse.eat
[16:42:14] [Client thread/WARN]: Missing sound for event: minecraft:entity.horse.gallop
[16:42:14] [Client thread/WARN]: Missing sound for event: minecraft:entity.horse.hurt
[16:42:14] [Client thread/WARN]: Missing sound for event: minecraft:entity.horse.jump
[16:42:14] [Client thread/WARN]: Missing sound for event: minecraft:entity.horse.land
[16:42:14] [Client thread/WARN]: Missing sound for event: minecraft:entity.horse.saddle
[16:42:14] [Client thread/WARN]: Missing sound for event: minecraft:entity.horse.step
[16:42:14] [Client thread/WARN]: Missing sound for event: minecraft:entity.horse.step_wood
[16:42:14] [Client thread/WARN]: Missing sound for event: minecraft:entity.hostile.big_fall
[16:42:14] [Client thread/WARN]: Missing sound for event: minecraft:entity.hostile.death
[16:42:14] [Client thread/WARN]: Missing sound for event: minecraft:entity.hostile.hurt
[16:42:14] [Client thread/WARN]: Missing sound for event: minecraft:entity.hostile.small_fall
[16:42:14] [Client thread/WARN]: Missing sound for event: minecraft:entity.hostile.splash
[16:42:14] [Client thread/WARN]: Missing sound for event: minecraft:entity.hostile.swim
[16:42:14] [Client thread/WARN]: Missing sound for event: minecraft:entity.husk.ambient
[16:42:14] [Client thread/WARN]: Missing sound for event: minecraft:entity.husk.death
[16:42:14] [Client thread/WARN]: Missing sound for event: minecraft:entity.husk.hurt
[16:42:14] [Client thread/WARN]: Missing sound for event: minecraft:entity.husk.step
[16:42:14] [Client thread/WARN]: Missing sound for event: minecraft:entity.irongolem.attack
[16:42:14] [Client thread/WARN]: Missing sound for event: minecraft:entity.irongolem.death
[16:42:14] [Client thread/WARN]: Missing sound for event: minecraft:entity.irongolem.hurt
[16:42:14] [Client thread/WARN]: Missing sound for event: minecraft:entity.irongolem.step
[16:42:14] [Client thread/WARN]: Missing sound for event: minecraft:entity.item.break
[16:42:14] [Client thread/WARN]: Missing sound for event: minecraft:entity.item.pickup
[16:42:14] [Client thread/WARN]: Missing sound for event: minecraft:entity.itemframe.add_item
[16:42:14] [Client thread/WARN]: Missing sound for event: minecraft:entity.itemframe.break
[16:42:14] [Client thread/WARN]: Missing sound for event: minecraft:entity.itemframe.place
[16:42:14] [Client thread/WARN]: Missing sound for event: minecraft:entity.itemframe.remove_item
[16:42:14] [Client thread/WARN]: Missing sound for event: minecraft:entity.itemframe.rotate_item
[16:42:14] [Client thread/WARN]: Missing sound for event: minecraft:entity.leashknot.break
[16:42:14] [Client thread/WARN]: Missing sound for event: minecraft:entity.leashknot.place
[16:42:14] [Client thread/WARN]: Missing sound for event: minecraft:entity.lightning.impact
[16:42:14] [Client thread/WARN]: Missing sound for event: minecraft:entity.lightning.thunder
[16:42:14] [Client thread/WARN]: Missing sound for event: minecraft:entity.lingeringpotion.throw
[16:42:14] [Client thread/WARN]: Missing sound for event: minecraft:entity.magmacube.death
[16:42:14] [Client thread/WARN]: Missing sound for event: minecraft:entity.magmacube.hurt
[16:42:14] [Client thread/WARN]: Missing sound for event: minecraft:entity.magmacube.jump
[16:42:14] [Client thread/WARN]: Missing sound for event: minecraft:entity.magmacube.squish
[16:42:14] [Client thread/WARN]: Missing sound for event: minecraft:entity.minecart.inside
[16:42:14] [Client thread/WARN]: Missing sound for event: minecraft:entity.minecart.riding
[16:42:14] [Client thread/WARN]: Missing sound for event: minecraft:entity.mooshroom.shear
[16:42:14] [Client thread/WARN]: Missing sound for event: minecraft:entity.mule.ambient
[16:42:14] [Client thread/WARN]: Missing sound for event: minecraft:entity.mule.death
[16:42:14] [Client thread/WARN]: Missing sound for event: minecraft:entity.mule.hurt
[16:42:14] [Client thread/WARN]: Missing sound for event: minecraft:entity.painting.break
[16:42:14] [Client thread/WARN]: Missing sound for event: minecraft:entity.painting.place
[16:42:14] [Client thread/WARN]: Missing sound for event: minecraft:entity.pig.ambient
[16:42:14] [Client thread/WARN]: Missing sound for event: minecraft:entity.pig.death
[16:42:14] [Client thread/WARN]: Missing sound for event: minecraft:entity.pig.hurt
[16:42:14] [Client thread/WARN]: Missing sound for event: minecraft:entity.pig.saddle
[16:42:14] [Client thread/WARN]: Missing sound for event: minecraft:entity.pig.step
[16:42:14] [Client thread/WARN]: Missing sound for event: minecraft:entity.player.attack.crit
[16:42:14] [Client thread/WARN]: Missing sound for event: minecraft:entity.player.attack.knockback
[16:42:14] [Client thread/WARN]: Missing sound for event: minecraft:entity.player.attack.nodamage
[16:42:14] [Client thread/WARN]: Missing sound for event: minecraft:entity.player.attack.strong
[16:42:14] [Client thread/WARN]: Missing sound for event: minecraft:entity.player.attack.sweep
[16:42:14] [Client thread/WARN]: Missing sound for event: minecraft:entity.player.attack.weak
[16:42:14] [Client thread/WARN]: Missing sound for event: minecraft:entity.player.big_fall
[16:42:14] [Client thread/WARN]: Missing sound for event: minecraft:entity.player.breath
[16:42:14] [Client thread/WARN]: Missing sound for event: minecraft:entity.player.burp
[16:42:14] [Client thread/WARN]: Missing sound for event: minecraft:entity.player.death
[16:42:14] [Client thread/WARN]: Missing sound for event: minecraft:entity.player.hurt
[16:42:14] [Client thread/WARN]: Missing sound for event: minecraft:entity.player.levelup
[16:42:14] [Client thread/WARN]: Missing sound for event: minecraft:entity.player.small_fall
[16:42:14] [Client thread/WARN]: Missing sound for event: minecraft:entity.player.splash
[16:42:14] [Client thread/WARN]: Missing sound for event: minecraft:entity.player.swim
[16:42:14] [Client thread/WARN]: Missing sound for event: minecraft:entity.polar_bear.ambient
[16:42:14] [Client thread/WARN]: Missing sound for event: minecraft:entity.polar_bear.baby_ambient
[16:42:14] [Client thread/WARN]: Missing sound for event: minecraft:entity.polar_bear.death
[16:42:14] [Client thread/WARN]: Missing sound for event: minecraft:entity.polar_bear.hurt
[16:42:14] [Client thread/WARN]: Missing sound for event: minecraft:entity.polar_bear.step
[16:42:14] [Client thread/WARN]: Missing sound for event: minecraft:entity.polar_bear.warning
[16:42:14] [Client thread/WARN]: Missing sound for event: minecraft:entity.rabbit.ambient
[16:42:14] [Client thread/WARN]: Missing sound for event: minecraft:entity.rabbit.attack
[16:42:14] [Client thread/WARN]: Missing sound for event: minecraft:entity.rabbit.death
[16:42:14] [Client thread/WARN]: Missing sound for event: minecraft:entity.rabbit.hurt
[16:42:14] [Client thread/WARN]: Missing sound for event: minecraft:entity.rabbit.jump
[16:42:14] [Client thread/WARN]: Missing sound for event: minecraft:entity.sheep.ambient
[16:42:14] [Client thread/WARN]: Missing sound for event: minecraft:entity.sheep.death
[16:42:14] [Client thread/WARN]: Missing sound for event: minecraft:entity.sheep.hurt
[16:42:14] [Client thread/WARN]: Missing sound for event: minecraft:entity.sheep.shear
[16:42:14] [Client thread/WARN]: Missing sound for event: minecraft:entity.sheep.step
[16:42:14] [Client thread/WARN]: Missing sound for event: minecraft:entity.shulker.ambient
[16:42:14] [Client thread/WARN]: Missing sound for event: minecraft:entity.shulker.close
[16:42:14] [Client thread/WARN]: Missing sound for event: minecraft:entity.shulker.death
[16:42:14] [Client thread/WARN]: Missing sound for event: minecraft:entity.shulker.hurt
[16:42:14] [Client thread/WARN]: Missing sound for event: minecraft:entity.shulker.hurt_closed
[16:42:14] [Client thread/WARN]: Missing sound for event: minecraft:entity.shulker.open
[16:42:14] [Client thread/WARN]: Missing sound for event: minecraft:entity.shulker.shoot
[16:42:14] [Client thread/WARN]: Missing sound for event: minecraft:entity.shulker.teleport
[16:42:14] [Client thread/WARN]: Missing sound for event: minecraft:entity.shulker_bullet.hit
[16:42:14] [Client thread/WARN]: Missing sound for event: minecraft:entity.shulker_bullet.hurt
[16:42:14] [Client thread/WARN]: Missing sound for event: minecraft:entity.silverfish.ambient
[16:42:14] [Client thread/WARN]: Missing sound for event: minecraft:entity.silverfish.death
[16:42:14] [Client thread/WARN]: Missing sound for event: minecraft:entity.silverfish.hurt
[16:42:14] [Client thread/WARN]: Missing sound for event: minecraft:entity.silverfish.step
[16:42:14] [Client thread/WARN]: Missing sound for event: minecraft:entity.skeleton.ambient
[16:42:14] [Client thread/WARN]: Missing sound for event: minecraft:entity.skeleton.death
[16:42:14] [Client thread/WARN]: Missing sound for event: minecraft:entity.skeleton.hurt
[16:42:14] [Client thread/WARN]: Missing sound for event: minecraft:entity.skeleton.shoot
[16:42:14] [Client thread/WARN]: Missing sound for event: minecraft:entity.skeleton.step
[16:42:14] [Client thread/WARN]: Missing sound for event: minecraft:entity.skeleton_horse.ambient
[16:42:14] [Client thread/WARN]: Missing sound for event: minecraft:entity.skeleton_horse.death
[16:42:14] [Client thread/WARN]: Missing sound for event: minecraft:entity.skeleton_horse.hurt
[16:42:14] [Client thread/WARN]: Missing sound for event: minecraft:entity.slime.attack
[16:42:14] [Client thread/WARN]: Missing sound for event: minecraft:entity.slime.death
[16:42:14] [Client thread/WARN]: Missing sound for event: minecraft:entity.slime.hurt
[16:42:14] [Client thread/WARN]: Missing sound for event: minecraft:entity.slime.jump
[16:42:14] [Client thread/WARN]: Missing sound for event: minecraft:entity.slime.squish
[16:42:14] [Client thread/WARN]: Missing sound for event: minecraft:entity.small_magmacube.death
[16:42:14] [Client thread/WARN]: Missing sound for event: minecraft:entity.small_magmacube.hurt
[16:42:14] [Client thread/WARN]: Missing sound for event: minecraft:entity.small_magmacube.squish
[16:42:14] [Client thread/WARN]: Missing sound for event: minecraft:entity.small_slime.death
[16:42:14] [Client thread/WARN]: Missing sound for event: minecraft:entity.small_slime.hurt
[16:42:14] [Client thread/WARN]: Missing sound for event: minecraft:entity.small_slime.jump
[16:42:14] [Client thread/WARN]: Missing sound for event: minecraft:entity.small_slime.squish
[16:42:14] [Client thread/WARN]: Missing sound for event: minecraft:entity.snowball.throw
[16:42:14] [Client thread/WARN]: Missing sound for event: minecraft:entity.snowman.ambient
[16:42:14] [Client thread/WARN]: Missing sound for event: minecraft:entity.snowman.death
[16:42:14] [Client thread/WARN]: Missing sound for event: minecraft:entity.snowman.hurt
[16:42:14] [Client thread/WARN]: Missing sound for event: minecraft:entity.snowman.shoot
[16:42:14] [Client thread/WARN]: Missing sound for event: minecraft:entity.spider.ambient
[16:42:14] [Client thread/WARN]: Missing sound for event: minecraft:entity.spider.death
[16:42:14] [Client thread/WARN]: Missing sound for event: minecraft:entity.spider.hurt
[16:42:14] [Client thread/WARN]: Missing sound for event: minecraft:entity.spider.step
[16:42:14] [Client thread/WARN]: Missing sound for event: minecraft:entity.splash_potion.break
[16:42:14] [Client thread/WARN]: Missing sound for event: minecraft:entity.splash_potion.throw
[16:42:14] [Client thread/WARN]: Missing sound for event: minecraft:entity.squid.ambient
[16:42:14] [Client thread/WARN]: Missing sound for event: minecraft:entity.squid.death
[16:42:14] [Client thread/WARN]: Missing sound for event: minecraft:entity.squid.hurt
[16:42:14] [Client thread/WARN]: Missing sound for event: minecraft:entity.stray.ambient
[16:42:14] [Client thread/WARN]: Missing sound for event: minecraft:entity.stray.death
[16:42:14] [Client thread/WARN]: Missing sound for event: minecraft:entity.stray.hurt
[16:42:14] [Client thread/WARN]: Missing sound for event: minecraft:entity.stray.step
[16:42:14] [Client thread/WARN]: Missing sound for event: minecraft:entity.tnt.primed
[16:42:14] [Client thread/WARN]: Missing sound for event: minecraft:entity.villager.ambient
[16:42:14] [Client thread/WARN]: Missing sound for event: minecraft:entity.villager.death
[16:42:14] [Client thread/WARN]: Missing sound for event: minecraft:entity.villager.hurt
[16:42:14] [Client thread/WARN]: Missing sound for event: minecraft:entity.villager.no
[16:42:14] [Client thread/WARN]: Missing sound for event: minecraft:entity.villager.trading
[16:42:14] [Client thread/WARN]: Missing sound for event: minecraft:entity.villager.yes
[16:42:14] [Client thread/WARN]: Missing sound for event: minecraft:entity.witch.ambient
[16:42:14] [Client thread/WARN]: Missing sound for event: minecraft:entity.witch.death
[16:42:14] [Client thread/WARN]: Missing sound for event: minecraft:entity.witch.drink
[16:42:14] [Client thread/WARN]: Missing sound for event: minecraft:entity.witch.hurt
[16:42:14] [Client thread/WARN]: Missing sound for event: minecraft:entity.witch.throw
[16:42:14] [Client thread/WARN]: Missing sound for event: minecraft:entity.wither.ambient
[16:42:14] [Client thread/WARN]: Missing sound for event: minecraft:entity.wither.break_block
[16:42:14] [Client thread/WARN]: Missing sound for event: minecraft:entity.wither.death
[16:42:14] [Client thread/WARN]: Missing sound for event: minecraft:entity.wither.hurt
[16:42:14] [Client thread/WARN]: Missing sound for event: minecraft:entity.wither.shoot
[16:42:14] [Client thread/WARN]: Missing sound for event: minecraft:entity.wither.spawn
[16:42:14] [Client thread/WARN]: Missing sound for event: minecraft:entity.wither_skeleton.ambient
[16:42:14] [Client thread/WARN]: Missing sound for event: minecraft:entity.wither_skeleton.death
[16:42:14] [Client thread/WARN]: Missing sound for event: minecraft:entity.wither_skeleton.hurt
[16:42:14] [Client thread/WARN]: Missing sound for event: minecraft:entity.wither_skeleton.step
[16:42:14] [Client thread/WARN]: Missing sound for event: minecraft:entity.wolf.ambient
[16:42:14] [Client thread/WARN]: Missing sound for event: minecraft:entity.wolf.death
[16:42:14] [Client thread/WARN]: Missing sound for event: minecraft:entity.wolf.growl
[16:42:14] [Client thread/WARN]: Missing sound for event: minecraft:entity.wolf.howl
[16:42:14] [Client thread/WARN]: Missing sound for event: minecraft:entity.wolf.hurt
[16:42:14] [Client thread/WARN]: Missing sound for event: minecraft:entity.wolf.pant
[16:42:14] [Client thread/WARN]: Missing sound for event: minecraft:entity.wolf.shake
[16:42:14] [Client thread/WARN]: Missing sound for event: minecraft:entity.wolf.step
[16:42:14] [Client thread/WARN]: Missing sound for event: minecraft:entity.wolf.whine
[16:42:14] [Client thread/WARN]: Missing sound for event: minecraft:entity.zombie.ambient
[16:42:14] [Client thread/WARN]: Missing sound for event: minecraft:entity.zombie.attack_door_wood
[16:42:14] [Client thread/WARN]: Missing sound for event: minecraft:entity.zombie.attack_iron_door
[16:42:14] [Client thread/WARN]: Missing sound for event: minecraft:entity.zombie.break_door_wood
[16:42:14] [Client thread/WARN]: Missing sound for event: minecraft:entity.zombie.death
[16:42:14] [Client thread/WARN]: Missing sound for event: minecraft:entity.zombie.hurt
[16:42:14] [Client thread/WARN]: Missing sound for event: minecraft:entity.zombie.infect
[16:42:14] [Client thread/WARN]: Missing sound for event: minecraft:entity.zombie.step
[16:42:14] [Client thread/WARN]: Missing sound for event: minecraft:entity.zombie_horse.ambient
[16:42:14] [Client thread/WARN]: Missing sound for event: minecraft:entity.zombie_horse.death
[16:42:14] [Client thread/WARN]: Missing sound for event: minecraft:entity.zombie_horse.hurt
[16:42:14] [Client thread/WARN]: Missing sound for event: minecraft:entity.zombie_pig.ambient
[16:42:14] [Client thread/WARN]: Missing sound for event: minecraft:entity.zombie_pig.angry
[16:42:14] [Client thread/WARN]: Missing sound for event: minecraft:entity.zombie_pig.death
[16:42:14] [Client thread/WARN]: Missing sound for event: minecraft:entity.zombie_pig.hurt
[16:42:14] [Client thread/WARN]: Missing sound for event: minecraft:entity.zombie_villager.ambient
[16:42:14] [Client thread/WARN]: Missing sound for event: minecraft:entity.zombie_villager.converted
[16:42:14] [Client thread/WARN]: Missing sound for event: minecraft:entity.zombie_villager.cure
[16:42:14] [Client thread/WARN]: Missing sound for event: minecraft:entity.zombie_villager.death
[16:42:14] [Client thread/WARN]: Missing sound for event: minecraft:entity.zombie_villager.hurt
[16:42:14] [Client thread/WARN]: Missing sound for event: minecraft:entity.zombie_villager.step
[16:42:14] [Client thread/WARN]: Missing sound for event: minecraft:item.armor.equip_chain
[16:42:14] [Client thread/WARN]: Missing sound for event: minecraft:item.armor.equip_diamond
[16:42:14] [Client thread/WARN]: Missing sound for event: minecraft:item.armor.equip_generic
[16:42:14] [Client thread/WARN]: Missing sound for event: minecraft:item.armor.equip_gold
[16:42:14] [Client thread/WARN]: Missing sound for event: minecraft:item.armor.equip_iron
[16:42:14] [Client thread/WARN]: Missing sound for event: minecraft:item.armor.equip_leather
[16:42:14] [Client thread/WARN]: Missing sound for event: minecraft:item.bottle.fill
[16:42:14] [Client thread/WARN]: Missing sound for event: minecraft:item.bottle.fill_dragonbreath
[16:42:14] [Client thread/WARN]: Missing sound for event: minecraft:item.bucket.empty
[16:42:14] [Client thread/WARN]: Missing sound for event: minecraft:item.bucket.empty_lava
[16:42:14] [Client thread/WARN]: Missing sound for event: minecraft:item.bucket.fill
[16:42:14] [Client thread/WARN]: Missing sound for event: minecraft:item.bucket.fill_lava
[16:42:14] [Client thread/WARN]: Missing sound for event: minecraft:item.chorus_fruit.teleport
[16:42:14] [Client thread/WARN]: Missing sound for event: minecraft:item.elytra.flying
[16:42:14] [Client thread/WARN]: Missing sound for event: minecraft:item.firecharge.use
[16:42:14] [Client thread/WARN]: Missing sound for event: minecraft:item.flintandsteel.use
[16:42:14] [Client thread/WARN]: Missing sound for event: minecraft:item.hoe.till
[16:42:14] [Client thread/WARN]: Missing sound for event: minecraft:item.shield.block
[16:42:14] [Client thread/WARN]: Missing sound for event: minecraft:item.shield.break
[16:42:14] [Client thread/WARN]: Missing sound for event: minecraft:item.shovel.flatten
[16:42:14] [Client thread/WARN]: Missing sound for event: minecraft:music.creative
[16:42:14] [Client thread/WARN]: Missing sound for event: minecraft:music.credits
[16:42:14] [Client thread/WARN]: Missing sound for event: minecraft:music.dragon
[16:42:14] [Client thread/WARN]: Missing sound for event: minecraft:music.end
[16:42:14] [Client thread/WARN]: Missing sound for event: minecraft:music.game
[16:42:14] [Client thread/WARN]: Missing sound for event: minecraft:music.menu
[16:42:14] [Client thread/WARN]: Missing sound for event: minecraft:music.nether
[16:42:14] [Client thread/WARN]: Missing sound for event: minecraft:record.11
[16:42:14] [Client thread/WARN]: Missing sound for event: minecraft:record.13
[16:42:14] [Client thread/WARN]: Missing sound for event: minecraft:record.blocks
[16:42:14] [Client thread/WARN]: Missing sound for event: minecraft:record.cat
[16:42:14] [Client thread/WARN]: Missing sound for event: minecraft:record.chirp
[16:42:14] [Client thread/WARN]: Missing sound for event: minecraft:record.far
[16:42:14] [Client thread/WARN]: Missing sound for event: minecraft:record.mall
[16:42:14] [Client thread/WARN]: Missing sound for event: minecraft:record.mellohi
[16:42:14] [Client thread/WARN]: Missing sound for event: minecraft:record.stal
[16:42:14] [Client thread/WARN]: Missing sound for event: minecraft:record.strad
[16:42:14] [Client thread/WARN]: Missing sound for event: minecraft:record.wait
[16:42:14] [Client thread/WARN]: Missing sound for event: minecraft:record.ward
[16:42:14] [Client thread/WARN]: Missing sound for event: minecraft:ui.button.click
[16:42:14] [Client thread/WARN]: Missing sound for event: minecraft:weather.rain
[16:42:14] [Client thread/WARN]: Missing sound for event: minecraft:weather.rain.above
[16:42:14] [Sound Library Loader/INFO]: Starting up SoundSystem...
[16:42:14] [Thread-5/INFO]: Initializing LWJGL OpenAL
[16:42:14] [Thread-5/INFO]: (The LWJGL binding of OpenAL.  For more information, see http://www.lwjgl.org)
[16:42:14] [Thread-5/INFO]: OpenAL initialized.
[16:42:15] [Sound Library Loader/INFO]: Sound engine started
[16:42:17] [Client thread/INFO]: Created: 1024x512 textures-atlas
[16:42:21] [Realms Notification Availability checker #1/INFO]: Could not authorize you against Realms server: Invalid session id
[16:42:24] [Server thread/INFO]: Starting integrated minecraft server version 1.10
[16:42:24] [Server thread/INFO]: Generating keypair
[16:42:26] [Server thread/INFO]: Preparing start region for level 0
[16:42:27] [Server thread/INFO]: Preparing spawn area: 0%
[16:42:27] [Server thread/WARN]: Keeping entity Wolf that already exists with UUID b6de7c1e-fc04-4884-b052-4728d031904a
[16:42:27] [Server thread/WARN]: Keeping entity Wolf that already exists with UUID a4895d52-c5e2-4a7f-8591-3489781f96be
[16:42:28] [Server thread/WARN]: Keeping entity Chicken that already exists with UUID 9df1d790-dd5f-4d70-865d-8d3605cc64b1
[16:42:28] [Server thread/WARN]: Keeping entity Villager that already exists with UUID b5134dc2-626e-46f8-9ba2-86e376c9a0a8
[16:42:28] [Server thread/WARN]: Keeping entity Villager that already exists with UUID dfca9c83-de87-45e9-8693-8e797e1d4be6
[16:42:28] [Server thread/WARN]: Keeping entity Chicken that already exists with UUID 0b4a0f5a-c793-4592-b5d4-315dcc282421
[16:42:28] [Server thread/INFO]: Preparing spawn area: 65%
[16:42:28] [Server thread/WARN]: Keeping entity Chicken that already exists with UUID d001e1f8-51d4-40af-a965-5f99ace6f128
[16:42:28] [Server thread/WARN]: Keeping entity Sheep that already exists with UUID ebb43b3c-d8ee-4b8f-8215-feb739abc7c0
[16:42:28] [Server thread/WARN]: Keeping entity Sheep that already exists with UUID 361fb476-aecf-46e0-93bc-10e8a5a97746
[16:42:28] [Server thread/WARN]: Keeping entity Sheep that already exists with UUID 133e674e-351d-4218-951d-cf1339fc9e8c
[16:42:28] [Server thread/WARN]: Keeping entity Chicken that already exists with UUID df2e37aa-fe86-4519-bcd0-4f32796ef5a5
[16:42:29] [Server thread/INFO]: Changing view distance to 12, from 10
[16:42:31] [Server thread/INFO]: Player728[local:E:d440aa2e] logged in with entity id 388 at (-163.63620245995307, 40.0, 122.06176754861595)
[16:42:31] [Server thread/INFO]: Player728 joined the game
[16:42:32] [Server thread/INFO]: Saving and pausing game...
[16:42:32] [Server thread/INFO]: Saving chunks for level 'Test World'/Overworld
[16:42:33] [Server thread/INFO]: Saving chunks for level 'Test World'/Nether
[16:42:33] [Server thread/INFO]: Saving chunks for level 'Test World'/The End
[16:42:40] [Client thread/INFO]: [CHAT] §3CtrlMc: §aCommand not found! Use -help for a list of all commands.
[16:42:42] [Server thread/INFO]: Saving and pausing game...
[16:42:42] [Server thread/INFO]: Saving chunks for level 'Test World'/Overworld
[16:42:42] [Server thread/INFO]: Saving chunks for level 'Test World'/Nether
[16:42:42] [Server thread/INFO]: Saving chunks for level 'Test World'/The End
[16:42:43] [Server thread/INFO]: Stopping server
[16:42:43] [Server thread/INFO]: Saving players
[16:42:43] [Server thread/INFO]: Saving worlds
[16:42:43] [Server thread/INFO]: Saving chunks for level 'Test World'/Overworld
[16:42:43] [Server thread/INFO]: Saving chunks for level 'Test World'/Nether
[16:42:43] [Server thread/INFO]: Saving chunks for level 'Test World'/The End
[16:42:43] [Client thread/INFO]: Stopping!
[16:42:43] [Client thread/INFO]: SoundSystem shutting down...
[16:42:44] [Client thread/WARN]: Author: Paul Lamb, www.paulscode.com
